{
  "RSpec": {
    "coverage": {
      "/Users/Oscar/Google Drive/Programming/CoderSchool/bootcamp-ruby/week6/br1-wk6-humanbook/app/admin/messages_admin.rb": [
        1,
        1,
        0,
        null,
        null,
        null,
        null,
        null,
        null,
        null,
        null,
        null,
        null,
        null,
        null,
        null,
        null,
        null,
        null,
        null,
        null,
        null,
        null,
        null,
        null,
        null,
        null,
        null,
        null,
        null,
        null,
        null,
        null,
        null,
        null
      ],
      "/Users/Oscar/Google Drive/Programming/CoderSchool/bootcamp-ruby/week6/br1-wk6-humanbook/app/admin/users_admin.rb": [
        1,
        1,
        0,
        null,
        null,
        null,
        null,
        1,
        1,
        1,
        1,
        1,
        0,
        null,
        1,
        1,
        1,
        null,
        null,
        null,
        null,
        1,
        0,
        0,
        0,
        0,
        0,
        null,
        null,
        null,
        null,
        null,
        null,
        null,
        null,
        null,
        null,
        null,
        null,
        null
      ],
      "/Users/Oscar/Google Drive/Programming/CoderSchool/bootcamp-ruby/week6/br1-wk6-humanbook/app/helpers/application_helper.rb": [
        1,
        1,
        0,
        null,
        null,
        1,
        null,
        0,
        0,
        0,
        null,
        null,
        0,
        null,
        null,
        1,
        0,
        null,
        null
      ],
      "/Users/Oscar/Google Drive/Programming/CoderSchool/bootcamp-ruby/week6/br1-wk6-humanbook/app/helpers/friends_helper.rb": [
        1,
        null
      ],
      "/Users/Oscar/Google Drive/Programming/CoderSchool/bootcamp-ruby/week6/br1-wk6-humanbook/app/helpers/friendships_helper.rb": [
        1,
        null
      ],
      "/Users/Oscar/Google Drive/Programming/CoderSchool/bootcamp-ruby/week6/br1-wk6-humanbook/app/helpers/home_helper.rb": [
        1,
        null
      ],
      "/Users/Oscar/Google Drive/Programming/CoderSchool/bootcamp-ruby/week6/br1-wk6-humanbook/app/helpers/messages_helper.rb": [
        1,
        null
      ],
      "/Users/Oscar/Google Drive/Programming/CoderSchool/bootcamp-ruby/week6/br1-wk6-humanbook/app/helpers/sessions_helper.rb": [
        1,
        null
      ],
      "/Users/Oscar/Google Drive/Programming/CoderSchool/bootcamp-ruby/week6/br1-wk6-humanbook/app/helpers/users_helper.rb": [
        1,
        null
      ],
      "/Users/Oscar/Google Drive/Programming/CoderSchool/bootcamp-ruby/week6/br1-wk6-humanbook/app/controllers/messages_controller.rb": [
        1,
        1,
        null,
        1,
        1,
        null,
        null,
        1,
        1,
        1,
        1,
        null,
        0,
        null,
        null,
        null,
        1,
        1,
        null,
        null,
        1,
        1,
        null,
        null,
        1,
        0,
        null,
        null,
        1,
        null,
        1,
        1,
        null,
        null
      ],
      "/Users/Oscar/Google Drive/Programming/CoderSchool/bootcamp-ruby/week6/br1-wk6-humanbook/app/controllers/application_controller.rb": [
        1,
        1,
        1,
        null,
        1,
        null,
        1,
        8,
        1,
        null,
        null,
        null,
        1,
        0,
        null,
        null,
        1,
        0,
        null,
        null,
        1,
        12,
        null,
        null
      ],
      "/Users/Oscar/Google Drive/Programming/CoderSchool/bootcamp-ruby/week6/br1-wk6-humanbook/app/controllers/users_controller.rb": [
        1,
        1,
        null,
        1,
        0,
        null,
        null,
        1,
        1,
        1,
        1,
        1,
        null,
        0,
        null,
        null,
        null,
        1,
        1,
        null,
        null,
        1,
        0,
        0,
        null,
        null,
        1,
        3,
        null,
        null,
        1,
        null,
        1,
        1,
        null,
        null
      ],
      "/Users/Oscar/Google Drive/Programming/CoderSchool/bootcamp-ruby/week6/br1-wk6-humanbook/app/models/message.rb": [
        1,
        1,
        1,
        1,
        null
      ],
      "/Users/Oscar/Google Drive/Programming/CoderSchool/bootcamp-ruby/week6/br1-wk6-humanbook/app/models/application_record.rb": [
        1,
        1,
        null
      ],
      "/Users/Oscar/Google Drive/Programming/CoderSchool/bootcamp-ruby/week6/br1-wk6-humanbook/app/models/user.rb": [
        1,
        1,
        1,
        null,
        1,
        1,
        null,
        null,
        null,
        null,
        null,
        1,
        1,
        null,
        1,
        null,
        null,
        null,
        null,
        0,
        0,
        0,
        0,
        0,
        null,
        null,
        null,
        null,
        null,
        null,
        null,
        0,
        null,
        null,
        1,
        1,
        null,
        null,
        1,
        0,
        null,
        null,
        1,
        0,
        null,
        null,
        1,
        0,
        0,
        0,
        0,
        0,
        0,
        0,
        0,
        0,
        null,
        null,
        null,
        null,
        null,
        null,
        null,
        null,
        null,
        null,
        null,
        null,
        null,
        null,
        1,
        0,
        null,
        null,
        1,
        0,
        null,
        null,
        1,
        0,
        null,
        null,
        null,
        1,
        0,
        null,
        null,
        1,
        0,
        null,
        null,
        1,
        0,
        null,
        null
      ],
      "/Users/Oscar/Google Drive/Programming/CoderSchool/bootcamp-ruby/week6/br1-wk6-humanbook/app/channels/application_cable/channel.rb": [
        0,
        0,
        0,
        0
      ],
      "/Users/Oscar/Google Drive/Programming/CoderSchool/bootcamp-ruby/week6/br1-wk6-humanbook/app/channels/application_cable/connection.rb": [
        0,
        0,
        0,
        0
      ],
      "/Users/Oscar/Google Drive/Programming/CoderSchool/bootcamp-ruby/week6/br1-wk6-humanbook/app/controllers/friends_controller.rb": [
        0,
        0,
        0,
        0,
        0,
        0,
        0,
        0,
        0
      ],
      "/Users/Oscar/Google Drive/Programming/CoderSchool/bootcamp-ruby/week6/br1-wk6-humanbook/app/controllers/friendships_controller.rb": [
        0,
        0,
        0,
        0,
        0,
        0,
        0,
        0,
        0,
        0,
        0,
        0,
        0,
        0,
        0,
        0,
        0,
        0,
        0,
        0
      ],
      "/Users/Oscar/Google Drive/Programming/CoderSchool/bootcamp-ruby/week6/br1-wk6-humanbook/app/controllers/home_controller.rb": [
        0,
        0,
        0,
        0
      ],
      "/Users/Oscar/Google Drive/Programming/CoderSchool/bootcamp-ruby/week6/br1-wk6-humanbook/app/controllers/sessions_controller.rb": [
        0,
        0,
        0,
        0,
        0,
        0,
        0,
        0,
        0,
        0,
        0,
        0,
        0,
        0,
        0,
        0,
        0,
        0,
        0,
        0,
        0,
        0,
        0,
        0,
        0,
        0,
        0,
        0,
        0,
        0,
        0,
        0,
        0,
        0,
        0,
        0
      ],
      "/Users/Oscar/Google Drive/Programming/CoderSchool/bootcamp-ruby/week6/br1-wk6-humanbook/app/jobs/application_job.rb": [
        0,
        0
      ],
      "/Users/Oscar/Google Drive/Programming/CoderSchool/bootcamp-ruby/week6/br1-wk6-humanbook/app/mailers/application_mailer.rb": [
        0,
        0,
        0,
        0
      ],
      "/Users/Oscar/Google Drive/Programming/CoderSchool/bootcamp-ruby/week6/br1-wk6-humanbook/app/models/friendship.rb": [
        0,
        0,
        0,
        0
      ]
    },
    "timestamp": 1502779305
  }
}
